<?xml version="1.0" encoding="UTF-8"?>
<!-- Generated by org.testng.reporters.JUnitReportReporter -->
<testsuite hostname="ABP-HQ2-QA18" failures="0" tests="2" name="test.DataproviderwithMultidimesionalArray" time="0.002" errors="0" timestamp="2022-05-08T05:28:51 WAT" skipped="0">
  <testcase classname="test.DataproviderwithMultidimesionalArray" name="login" time="0.001"/>
  <system-out/>
  <testcase classname="test.DataproviderwithMultidimesionalArray" name="login" time="0.001"/>
  <system-out/>
</testsuite> <!-- test.DataproviderwithMultidimesionalArray -->
