<?xml version="1.0" encoding="UTF-8"?>
<!-- Generated by org.testng.reporters.JUnitReportReporter -->
<testsuite hostname="ABP-HQ2-QA18" failures="0" tests="1" name="test.day2" time="0.006" errors="0" timestamp="2022-05-17T08:10:22 WAT" skipped="0">
  <testcase classname="test.day2" name="Demo2" time="0.006"/>
  <system-out/>
</testsuite> <!-- test.day2 -->
