<?xml version="1.0" encoding="UTF-8"?>
<!-- Generated by org.testng.reporters.JUnitReportReporter -->
<testsuite hostname="ABP-HQ2-QA18" failures="0" tests="2" name="test.day4" time="0.001" errors="0" timestamp="2022-05-17T08:10:22 WAT" skipped="1">
  <testcase classname="test.day4" name="demo6" time="0.001"/>
  <system-out/>
  <testcase classname="test.day4" name="method4">
    <skipped/>
  </testcase> <!-- method4 -->
  <system-out/>
</testsuite> <!-- test.day4 -->
